
Collecting usage statistics. To deactivate, set browser.gatherUsageStats to false.


  You can now view your Streamlit app in your browser.

  URL: http://0.0.0.0:5000

2025-03-16 11:42:54.798 MediaFileHandler: Missing file .env

Collecting usage statistics. To deactivate, set browser.gatherUsageStats to false.

2025-03-17 20:57:38.884 Port 5000 is already in use
2025-03-19 08:04:26.990 MediaFileHandler: Missing file .env
2025-03-22 17:46:12.890 MediaFileHandler: Missing file .git/config
2025-03-22 21:32:15.092 MediaFileHandler: Missing file .git/config
2025-03-23 19:10:56.222 MediaFileHandler: Missing file .git/config
2025-03-25 23:11:56.924 MediaFileHandler: Missing file .git/config
2025-03-26 18:04:12.821 MediaFileHandler: Missing file .env
2025-03-26 18:04:13.057 MediaFileHandler: Missing file uploads/.env
2025-03-26 23:16:10.688 MediaFileHandler: Missing file .git/config
2025-03-27 04:24:09.910 MediaFileHandler: Missing file .git/config
2025-03-27 06:27:30.028 MediaFileHandler: Missing file .git/config
2025-03-27 15:23:29.980 MediaFileHandler: Missing file .git/config
2025-03-27 16:21:01.706 MediaFileHandler: Missing file .git/config
2025-03-28 15:59:03.033 MediaFileHandler: Missing file .git/config
2025-03-28 23:36:56.868 MediaFileHandler: Missing file .git/config
2025-03-29 13:48:00.610 MediaFileHandler: Missing file .git/config
2025-03-30 15:26:11.341 MediaFileHandler: Missing file .git/config
2025-03-30 22:16:20.355 MediaFileHandler: Missing file .git/config
2025-03-31 00:29:59.535 MediaFileHandler: Missing file .git/config
2025-03-31 14:06:37.389 MediaFileHandler: Missing file .git/config
2025-03-31 19:40:05.341 MediaFileHandler: Missing file .git/config
  Stopping...
Traceback (most recent call last):
  File "/var/www/mobile-flight-planner/venv/bin/streamlit", line 5, in <module>
    from streamlit.web.cli import main
ModuleNotFoundError: No module named 'streamlit'
Traceback (most recent call last):
  File "/var/www/mobile-flight-planner/venv/bin/streamlit", line 5, in <module>
    from streamlit.web.cli import main
ModuleNotFoundError: No module named 'streamlit'
Traceback (most recent call last):
  File "/var/www/mobile-flight-planner/venv/bin/streamlit", line 5, in <module>
    from streamlit.web.cli import main
ModuleNotFoundError: No module named 'streamlit'
